=== n=4096 esparsidade=0.3 runs=101  sex 19 jun 2026 18:13:56 -03 ===

Benchmark SpMV  n=4096  esparsidade=0.30  nnz=11744866  runs=101 (1 warm-up descartado)

+-----------------------------------------+----------+----------+----------+---------+--------+--------+
| Implementação                         | Méd(ms) | Mín(ms) | Máx(ms) | GFLOP/s |   GB/s | Corret |
+-----------------------------------------+----------+----------+----------+---------+--------+--------+
| CPU sequencial (CSR)                    |    6.856 |    6.775 |    7.056 |    3.43 |  20.57 |    ref |
| CPU OpenMP (CSR)                        |    2.439 |    2.230 |    2.642 |    9.63 |  57.81 |     OK |
| CPU sequencial (SP24)                   |    4.591 |    4.508 |    4.779 |    3.65 |  15.54 |    ref |
| CPU OpenMP (SP24)                       |    0.606 |    0.548 |    1.341 |   27.68 | 117.76 |     OK |
| GPU CUDA kernel (CSR)                   |    0.640 |    0.632 |    0.646 |   36.71 | 220.39 |     OK |
| GPU CUDA cuSPARSE (CSR)                 |    0.156 |    0.156 |    0.158 |  150.23 | 901.91 |     OK |
| CPU sequencial (MACKO)                  |    7.533 |    7.421 |    7.795 |    3.12 |  16.78 |    ref |
| CPU OpenMP (MACKO)                      |    2.300 |    2.081 |    2.647 |   10.21 |  54.97 |     OK |
| GPU CUDA warp/row (MACKO)               |    0.138 |    0.137 |    0.140 |  169.83 | 914.05 |     OK |
| GPU warp/row (MACKO FP16)               |    0.045 |    0.045 |    0.046 |  517.32 | 1231.44 |     OK |
+-----------------------------------------+----------+----------+----------+---------+--------+--------+

Nota: SP24 usa pruning 2:4 (preserva os 2 maiores |v| por grupo de 4).
      Sua referência é a coluna CPU sequencial (SP24), não a CSR.
      GFLOP/s e GB/s são teóricos (baseados em nnz e bytes transferidos).

=== n=4096 esparsidade=0.5 runs=101  sex 19 jun 2026 18:13:59 -03 ===

Benchmark SpMV  n=4096  esparsidade=0.50  nnz=8388611  runs=101 (1 warm-up descartado)

+-----------------------------------------+----------+----------+----------+---------+--------+--------+
| Implementação                         | Méd(ms) | Mín(ms) | Máx(ms) | GFLOP/s |   GB/s | Corret |
+-----------------------------------------+----------+----------+----------+---------+--------+--------+
| CPU sequencial (CSR)                    |    5.165 |    4.764 |    6.141 |    3.25 |  19.50 |    ref |
| CPU OpenMP (CSR)                        |    1.413 |    1.256 |    1.741 |   11.87 |  71.30 |     OK |
| CPU sequencial (SP24)                   |    4.720 |    4.554 |    5.088 |    3.55 |  15.12 |    ref |
| CPU OpenMP (SP24)                       |    0.618 |    0.543 |    1.354 |   27.13 | 115.39 |     OK |
| GPU CUDA kernel (CSR)                   |    0.412 |    0.408 |    0.416 |   40.75 | 244.71 |     OK |
| GPU CUDA cuSPARSE (CSR)                 |    0.114 |    0.113 |    0.115 |  147.11 | 883.36 |     OK |
| CPU sequencial (MACKO)                  |    5.484 |    5.405 |    5.633 |    3.06 |  16.47 |    ref |
| CPU OpenMP (MACKO)                      |    1.195 |    1.112 |    1.833 |   14.04 |  75.62 |     OK |
| GPU CUDA warp/row (MACKO)               |    0.091 |    0.090 |    0.097 |  184.56 | 993.82 |     OK |
| GPU warp/row (MACKO FP16)               |    0.035 |    0.034 |    0.035 |  485.30 | 1156.27 |     OK |
+-----------------------------------------+----------+----------+----------+---------+--------+--------+

Nota: SP24 usa pruning 2:4 (preserva os 2 maiores |v| por grupo de 4).
      Sua referência é a coluna CPU sequencial (SP24), não a CSR.
      GFLOP/s e GB/s são teóricos (baseados em nnz e bytes transferidos).

=== n=4096 esparsidade=0.7 runs=101  sex 19 jun 2026 18:14:02 -03 ===

Benchmark SpMV  n=4096  esparsidade=0.70  nnz=5033081  runs=101 (1 warm-up descartado)

+-----------------------------------------+----------+----------+----------+---------+--------+--------+
| Implementação                         | Méd(ms) | Mín(ms) | Máx(ms) | GFLOP/s |   GB/s | Corret |
+-----------------------------------------+----------+----------+----------+---------+--------+--------+
| CPU sequencial (CSR)                    |    2.695 |    2.666 |    2.882 |    3.73 |  22.44 |    ref |
| CPU OpenMP (CSR)                        |    0.461 |    0.397 |    1.145 |   21.85 | 131.29 |     OK |
| CPU sequencial (SP24)                   |    4.615 |    4.508 |    8.429 |    3.64 |  15.46 |    ref |
| CPU OpenMP (SP24)                       |    0.604 |    0.541 |    1.289 |   27.80 | 118.25 |     OK |
| GPU CUDA kernel (CSR)                   |    0.131 |    0.130 |    0.132 |   76.75 | 461.10 |     OK |
| GPU CUDA cuSPARSE (CSR)                 |    0.044 |    0.043 |    0.044 |  230.51 | 1384.94 |     OK |
| CPU sequencial (MACKO)                  |    3.146 |    3.054 |    3.359 |    3.20 |  17.25 |    ref |
| CPU OpenMP (MACKO)                      |    0.305 |    0.232 |    0.909 |   33.03 | 178.06 |     OK |
| GPU CUDA warp/row (MACKO)               |    0.021 |    0.020 |    0.022 |  477.90 | 2576.56 |     OK |
| GPU warp/row (MACKO FP16)               |    0.024 |    0.024 |    0.025 |  416.07 | 993.45 |     OK |
+-----------------------------------------+----------+----------+----------+---------+--------+--------+

Nota: SP24 usa pruning 2:4 (preserva os 2 maiores |v| por grupo de 4).
      Sua referência é a coluna CPU sequencial (SP24), não a CSR.
      GFLOP/s e GB/s são teóricos (baseados em nnz e bytes transferidos).

=== n=4096 esparsidade=0.85 runs=101  sex 19 jun 2026 18:14:03 -03 ===

Benchmark SpMV  n=4096  esparsidade=0.85  nnz=2516892  runs=101 (1 warm-up descartado)

+-----------------------------------------+----------+----------+----------+---------+--------+--------+
| Implementação                         | Méd(ms) | Mín(ms) | Máx(ms) | GFLOP/s |   GB/s | Corret |
+-----------------------------------------+----------+----------+----------+---------+--------+--------+
| CPU sequencial (CSR)                    |    1.243 |    1.208 |    1.474 |    4.05 |  24.36 |    ref |
| CPU OpenMP (CSR)                        |    0.154 |    0.134 |    0.435 |   32.73 | 196.92 |     OK |
| CPU sequencial (SP24)                   |    4.667 |    4.559 |    5.139 |    3.60 |  15.29 |    ref |
| CPU OpenMP (SP24)                       |    0.613 |    0.545 |    1.504 |   27.35 | 116.35 |     OK |
| GPU CUDA kernel (CSR)                   |    0.070 |    0.069 |    0.071 |   71.79 | 431.92 |     OK |
| GPU CUDA cuSPARSE (CSR)                 |    0.030 |    0.030 |    0.034 |  165.90 | 998.11 |     OK |
| CPU sequencial (MACKO)                  |    1.230 |    1.198 |    1.693 |    4.09 |  22.12 |    ref |
| CPU OpenMP (MACKO)                      |    0.136 |    0.104 |    0.671 |   37.06 | 200.39 |     OK |
| GPU CUDA warp/row (MACKO)               |    0.014 |    0.013 |    0.015 |  350.35 | 1894.59 |     OK |
| GPU warp/row (MACKO FP16)               |    0.015 |    0.015 |    0.016 |  327.37 | 785.80 |     OK |
+-----------------------------------------+----------+----------+----------+---------+--------+--------+

Nota: SP24 usa pruning 2:4 (preserva os 2 maiores |v| por grupo de 4).
      Sua referência é a coluna CPU sequencial (SP24), não a CSR.
      GFLOP/s e GB/s são teóricos (baseados em nnz e bytes transferidos).

=== n=4096 esparsidade=0.9 runs=101  sex 19 jun 2026 18:14:05 -03 ===

Benchmark SpMV  n=4096  esparsidade=0.90  nnz=1678253  runs=101 (1 warm-up descartado)

+-----------------------------------------+----------+----------+----------+---------+--------+--------+
| Implementação                         | Méd(ms) | Mín(ms) | Máx(ms) | GFLOP/s |   GB/s | Corret |
+-----------------------------------------+----------+----------+----------+---------+--------+--------+
| CPU sequencial (CSR)                    |    0.641 |    0.619 |    0.701 |    5.23 |  31.53 |    ref |
| CPU OpenMP (CSR)                        |    0.133 |    0.112 |    0.448 |   25.32 | 152.51 |     OK |
| CPU sequencial (SP24)                   |    4.652 |    4.540 |    5.146 |    3.61 |  15.34 |    ref |
| CPU OpenMP (SP24)                       |    0.606 |    0.544 |    1.317 |   27.70 | 117.82 |     OK |
| GPU CUDA kernel (CSR)                   |    0.049 |    0.048 |    0.049 |   69.19 | 416.85 |     OK |
| GPU CUDA cuSPARSE (CSR)                 |    0.026 |    0.025 |    0.028 |  129.94 | 782.83 |     OK |
| CPU sequencial (MACKO)                  |    0.718 |    0.695 |    1.117 |    4.67 |  25.34 |    ref |
| CPU OpenMP (MACKO)                      |    0.099 |    0.071 |    0.538 |   34.00 | 184.42 |     OK |
| GPU CUDA warp/row (MACKO)               |    0.014 |    0.013 |    0.014 |  245.95 | 1334.08 |     OK |
| GPU warp/row (MACKO FP16)               |    0.016 |    0.015 |    0.016 |  211.81 | 511.12 |     OK |
+-----------------------------------------+----------+----------+----------+---------+--------+--------+

Nota: SP24 usa pruning 2:4 (preserva os 2 maiores |v| por grupo de 4).
      Sua referência é a coluna CPU sequencial (SP24), não a CSR.
      GFLOP/s e GB/s são teóricos (baseados em nnz e bytes transferidos).

=== n=16384 esparsidade=0.3 runs=101  sex 19 jun 2026 18:14:06 -03 ===

Benchmark SpMV  n=16384  esparsidade=0.30  nnz=187912044  runs=101 (1 warm-up descartado)

+-----------------------------------------+----------+----------+----------+---------+--------+--------+
| Implementação                         | Méd(ms) | Mín(ms) | Máx(ms) | GFLOP/s |   GB/s | Corret |
+-----------------------------------------+----------+----------+----------+---------+--------+--------+
| CPU sequencial (CSR)                    |  111.407 |  111.072 |  112.600 |    3.37 |  20.24 |    ref |
| CPU OpenMP (CSR)                        |   38.858 |   38.620 |   39.237 |    9.67 |  58.04 |     OK |
| CPU sequencial (SP24)                   |   80.587 |   76.990 |   91.731 |    3.33 |  14.16 |    ref |
| CPU OpenMP (SP24)                       |   20.743 |   20.068 |   21.506 |   12.94 |  55.01 |     OK |
| GPU CUDA kernel (CSR)                   |    8.562 |    8.540 |    8.588 |   43.89 | 263.40 |     OK |
| GPU CUDA cuSPARSE (CSR)                 |    2.359 |    2.358 |    2.361 |  159.28 | 955.85 |     OK |
| CPU sequencial (MACKO)                  |  117.631 |  117.106 |  120.412 |    3.19 |  17.18 |    ref |
| CPU OpenMP (MACKO)                      |   37.307 |   35.887 |   39.823 |   10.07 |  54.16 |     OK |
| GPU CUDA warp/row (MACKO)               |    2.166 |    2.157 |    2.180 |  173.52 | 932.96 |     OK |
| GPU warp/row (MACKO FP16)               |    1.174 |    1.162 |    1.196 |  320.07 | 760.59 |     OK |
+-----------------------------------------+----------+----------+----------+---------+--------+--------+

Nota: SP24 usa pruning 2:4 (preserva os 2 maiores |v| por grupo de 4).
      Sua referência é a coluna CPU sequencial (SP24), não a CSR.
      GFLOP/s e GB/s são teóricos (baseados em nnz e bytes transferidos).

=== n=16384 esparsidade=0.5 runs=101  sex 19 jun 2026 18:14:56 -03 ===

Benchmark SpMV  n=16384  esparsidade=0.50  nnz=134224021  runs=101 (1 warm-up descartado)

+-----------------------------------------+----------+----------+----------+---------+--------+--------+
| Implementação                         | Méd(ms) | Mín(ms) | Máx(ms) | GFLOP/s |   GB/s | Corret |
+-----------------------------------------+----------+----------+----------+---------+--------+--------+
| CPU sequencial (CSR)                    |   79.744 |   79.328 |   80.407 |    3.37 |  20.20 |    ref |
| CPU OpenMP (CSR)                        |   27.849 |   27.633 |   28.097 |    9.64 |  57.85 |     OK |
| CPU sequencial (SP24)                   |   78.597 |   76.897 |   92.478 |    3.42 |  14.52 |    ref |
| CPU OpenMP (SP24)                       |   20.729 |   20.594 |   21.328 |   12.95 |  55.05 |     OK |
| GPU CUDA kernel (CSR)                   |    6.121 |    6.097 |    6.137 |   43.85 | 263.18 |     OK |
| GPU CUDA cuSPARSE (CSR)                 |    1.688 |    1.687 |    1.690 |  159.02 | 954.31 |     OK |
| CPU sequencial (MACKO)                  |   87.800 |   87.529 |   89.532 |    3.06 |  16.44 |    ref |
| CPU OpenMP (MACKO)                      |   26.696 |   26.272 |   26.864 |   10.06 |  54.08 |     OK |
| GPU CUDA warp/row (MACKO)               |    1.538 |    1.531 |    1.546 |  174.49 | 938.33 |     OK |
| GPU warp/row (MACKO FP16)               |    0.812 |    0.798 |    0.827 |  330.60 | 785.80 |     OK |
+-----------------------------------------+----------+----------+----------+---------+--------+--------+

Nota: SP24 usa pruning 2:4 (preserva os 2 maiores |v| por grupo de 4).
      Sua referência é a coluna CPU sequencial (SP24), não a CSR.
      GFLOP/s e GB/s são teóricos (baseados em nnz e bytes transferidos).

=== n=16384 esparsidade=0.7 runs=101  sex 19 jun 2026 18:15:36 -03 ===

Benchmark SpMV  n=16384  esparsidade=0.70  nnz=80533043  runs=101 (1 warm-up descartado)

+-----------------------------------------+----------+----------+----------+---------+--------+--------+
| Implementação                         | Méd(ms) | Mín(ms) | Máx(ms) | GFLOP/s |   GB/s | Corret |
+-----------------------------------------+----------+----------+----------+---------+--------+--------+
| CPU sequencial (CSR)                    |   48.142 |   48.006 |   48.999 |    3.35 |  20.08 |    ref |
| CPU OpenMP (CSR)                        |   16.793 |   16.615 |   17.019 |    9.59 |  57.57 |     OK |
| CPU sequencial (SP24)                   |   78.271 |   76.825 |   91.558 |    3.43 |  14.58 |    ref |
| CPU OpenMP (SP24)                       |   20.731 |   20.408 |   20.988 |   12.95 |  55.04 |     OK |
| GPU CUDA kernel (CSR)                   |    3.660 |    3.644 |    3.675 |   44.01 | 264.15 |     OK |
| GPU CUDA cuSPARSE (CSR)                 |    1.017 |    1.016 |    1.018 |  158.42 | 950.84 |     OK |
| CPU sequencial (MACKO)                  |   56.234 |   53.588 |   70.144 |    2.86 |  15.41 |    ref |
| CPU OpenMP (MACKO)                      |   16.405 |   16.186 |   16.662 |    9.82 |  52.81 |     OK |
| GPU CUDA warp/row (MACKO)               |    0.928 |    0.923 |    0.937 |  173.49 | 933.23 |     OK |
| GPU warp/row (MACKO FP16)               |    0.475 |    0.469 |    0.486 |  338.77 | 805.64 |     OK |
+-----------------------------------------+----------+----------+----------+---------+--------+--------+

Nota: SP24 usa pruning 2:4 (preserva os 2 maiores |v| por grupo de 4).
      Sua referência é a coluna CPU sequencial (SP24), não a CSR.
      GFLOP/s e GB/s são teóricos (baseados em nnz e bytes transferidos).

=== n=16384 esparsidade=0.85 runs=101  sex 19 jun 2026 18:16:06 -03 ===

Benchmark SpMV  n=16384  esparsidade=0.85  nnz=40271750  runs=101 (1 warm-up descartado)

+-----------------------------------------+----------+----------+----------+---------+--------+--------+
| Implementação                         | Méd(ms) | Mín(ms) | Máx(ms) | GFLOP/s |   GB/s | Corret |
+-----------------------------------------+----------+----------+----------+---------+--------+--------+
| CPU sequencial (CSR)                    |   24.869 |   24.759 |   25.467 |    3.24 |  19.45 |    ref |
| CPU OpenMP (CSR)                        |    8.458 |    8.310 |    8.705 |    9.52 |  57.17 |     OK |
| CPU sequencial (SP24)                   |   76.991 |   76.841 |   77.400 |    3.49 |  14.82 |    ref |
| CPU OpenMP (SP24)                       |   20.719 |   20.553 |   20.842 |   12.96 |  55.08 |     OK |
| GPU CUDA kernel (CSR)                   |    1.807 |    1.799 |    1.827 |   44.56 | 267.56 |     OK |
| GPU CUDA cuSPARSE (CSR)                 |    0.514 |    0.513 |    0.518 |  156.82 | 941.53 |     OK |
| CPU sequencial (MACKO)                  |   27.917 |   27.029 |   41.454 |    2.89 |  15.53 |    ref |
| CPU OpenMP (MACKO)                      |    8.574 |    8.232 |    8.810 |    9.39 |  50.57 |     OK |
| GPU CUDA warp/row (MACKO)               |    0.469 |    0.468 |    0.471 |  171.69 | 924.22 |     OK |
| GPU warp/row (MACKO FP16)               |    0.247 |    0.242 |    0.252 |  325.90 | 776.06 |     OK |
+-----------------------------------------+----------+----------+----------+---------+--------+--------+

Nota: SP24 usa pruning 2:4 (preserva os 2 maiores |v| por grupo de 4).
      Sua referência é a coluna CPU sequencial (SP24), não a CSR.
      GFLOP/s e GB/s são teóricos (baseados em nnz e bytes transferidos).

=== n=16384 esparsidade=0.9 runs=101  sex 19 jun 2026 18:16:28 -03 ===

Benchmark SpMV  n=16384  esparsidade=0.90  nnz=26848865  runs=101 (1 warm-up descartado)

+-----------------------------------------+----------+----------+----------+---------+--------+--------+
| Implementação                         | Méd(ms) | Mín(ms) | Máx(ms) | GFLOP/s |   GB/s | Corret |
+-----------------------------------------+----------+----------+----------+---------+--------+--------+
| CPU sequencial (CSR)                    |   18.184 |   16.636 |   20.481 |    2.95 |  17.74 |    ref |
| CPU OpenMP (CSR)                        |    5.566 |    5.528 |    5.762 |    9.65 |  57.94 |     OK |
| CPU sequencial (SP24)                   |   77.024 |   76.846 |   78.191 |    3.49 |  14.82 |    ref |
| CPU OpenMP (SP24)                       |   20.746 |   20.589 |   21.589 |   12.94 |  55.00 |     OK |
| GPU CUDA kernel (CSR)                   |    1.199 |    1.191 |    1.206 |   44.79 | 269.03 |     OK |
| GPU CUDA cuSPARSE (CSR)                 |    0.347 |    0.345 |    0.348 |  154.91 | 930.40 |     OK |
| CPU sequencial (MACKO)                  |   19.247 |   18.050 |   23.319 |    2.79 |  15.03 |    ref |
| CPU OpenMP (MACKO)                      |    5.873 |    5.648 |    6.229 |    9.14 |  49.26 |     OK |
| GPU CUDA warp/row (MACKO)               |    0.312 |    0.310 |    0.315 |  171.94 | 926.27 |     OK |
| GPU warp/row (MACKO FP16)               |    0.158 |    0.155 |    0.162 |  340.60 | 812.17 |     OK |
+-----------------------------------------+----------+----------+----------+---------+--------+--------+

Nota: SP24 usa pruning 2:4 (preserva os 2 maiores |v| por grupo de 4).
      Sua referência é a coluna CPU sequencial (SP24), não a CSR.
      GFLOP/s e GB/s são teóricos (baseados em nnz e bytes transferidos).

=== n=32768 esparsidade=0.3 runs=101  sex 19 jun 2026 18:16:48 -03 ===

Benchmark SpMV  n=32768  esparsidade=0.30  nnz=751627612  runs=101 (1 warm-up descartado)

+-----------------------------------------+----------+----------+----------+---------+--------+--------+
| Implementação                         | Méd(ms) | Mín(ms) | Máx(ms) | GFLOP/s |   GB/s | Corret |
+-----------------------------------------+----------+----------+----------+---------+--------+--------+
| CPU sequencial (CSR)                    |  445.892 |  443.754 |  519.716 |    3.37 |  20.23 |    ref |
| CPU OpenMP (CSR)                        |  154.597 |  154.363 |  154.996 |    9.72 |  58.35 |     OK |
| CPU sequencial (SP24)                   |  311.528 |  307.460 |  364.912 |    3.45 |  14.65 |    ref |
| CPU OpenMP (SP24)                       |   82.232 |   81.788 |   84.226 |   13.06 |  55.50 |     OK |
| GPU CUDA kernel (CSR)                   |   33.638 |   33.550 |   33.852 |   44.69 | 268.16 |     OK |
| GPU CUDA cuSPARSE (CSR)                 |    9.415 |    9.414 |    9.418 |  159.66 | 958.02 |     OK |
| CPU sequencial (MACKO)                  |  469.927 |  468.816 |  489.549 |    3.20 |  17.20 |    ref |
| CPU OpenMP (MACKO)                      |  147.909 |  143.061 |  148.647 |   10.16 |  54.64 |     OK |
| GPU CUDA warp/row (MACKO)               |    8.556 |    8.546 |    8.569 |  175.70 | 944.53 |     OK |
| GPU warp/row (MACKO FP16)               |    4.503 |    4.484 |    4.532 |  333.81 | 793.02 |     OK |
+-----------------------------------------+----------+----------+----------+---------+--------+--------+

Nota: SP24 usa pruning 2:4 (preserva os 2 maiores |v| por grupo de 4).
      Sua referência é a coluna CPU sequencial (SP24), não a CSR.
      GFLOP/s e GB/s são teóricos (baseados em nnz e bytes transferidos).

=== n=32768 esparsidade=0.5 runs=101  sex 19 jun 2026 18:20:04 -03 ===

Benchmark SpMV  n=32768  esparsidade=0.50  nnz=536858241  runs=101 (1 warm-up descartado)

+-----------------------------------------+----------+----------+----------+---------+--------+--------+
| Implementação                         | Méd(ms) | Mín(ms) | Máx(ms) | GFLOP/s |   GB/s | Corret |
+-----------------------------------------+----------+----------+----------+---------+--------+--------+
| CPU sequencial (CSR)                    |  318.806 |  317.833 |  337.281 |    3.37 |  20.21 |    ref |
| CPU OpenMP (CSR)                        |  110.616 |  110.158 |  111.531 |    9.71 |  58.25 |     OK |
| CPU sequencial (SP24)                   |  309.281 |  307.403 |  364.271 |    3.47 |  14.76 |    ref |
| CPU OpenMP (SP24)                       |   82.225 |   81.880 |   82.712 |   13.06 |  55.51 |     OK |
| GPU CUDA kernel (CSR)                   |   23.949 |   23.908 |   24.001 |   44.83 | 269.03 |     OK |
| GPU CUDA cuSPARSE (CSR)                 |    6.730 |    6.719 |    6.980 |  159.53 | 957.30 |     OK |
| CPU sequencial (MACKO)                  |  351.947 |  350.806 |  372.540 |    3.05 |  16.40 |    ref |
| CPU OpenMP (MACKO)                      |  106.281 |  105.840 |  107.786 |   10.10 |  54.31 |     OK |
| GPU CUDA warp/row (MACKO)               |    6.109 |    6.102 |    6.120 |  175.76 | 944.94 |     OK |
| GPU warp/row (MACKO FP16)               |    3.216 |    3.200 |    3.247 |  333.88 | 793.27 |     OK |
+-----------------------------------------+----------+----------+----------+---------+--------+--------+

Nota: SP24 usa pruning 2:4 (preserva os 2 maiores |v| por grupo de 4).
      Sua referência é a coluna CPU sequencial (SP24), não a CSR.
      GFLOP/s e GB/s são teóricos (baseados em nnz e bytes transferidos).

=== n=32768 esparsidade=0.7 runs=101  sex 19 jun 2026 18:22:43 -03 ===

Benchmark SpMV  n=32768  esparsidade=0.70  nnz=322142977  runs=101 (1 warm-up descartado)

+-----------------------------------------+----------+----------+----------+---------+--------+--------+
| Implementação                         | Méd(ms) | Mín(ms) | Máx(ms) | GFLOP/s |   GB/s | Corret |
+-----------------------------------------+----------+----------+----------+---------+--------+--------+
| CPU sequencial (CSR)                    |  201.084 |  192.180 |  243.171 |    3.20 |  19.23 |    ref |
| CPU OpenMP (CSR)                        |   66.421 |   66.120 |   66.718 |    9.70 |  58.21 |     OK |
| CPU sequencial (SP24)                   |  308.287 |  307.271 |  327.240 |    3.48 |  14.80 |    ref |
| CPU OpenMP (SP24)                       |   82.159 |   79.065 |   83.066 |   13.07 |  55.55 |     OK |
| GPU CUDA kernel (CSR)                   |   14.374 |   14.338 |   14.562 |   44.82 | 268.98 |     OK |
| GPU CUDA cuSPARSE (CSR)                 |    4.041 |    4.040 |    4.043 |  159.44 | 956.79 |     OK |
| CPU sequencial (MACKO)                  |  215.206 |  213.820 |  258.707 |    2.99 |  16.10 |    ref |
| CPU OpenMP (MACKO)                      |   64.928 |   62.092 |   66.997 |    9.92 |  53.36 |     OK |
| GPU CUDA warp/row (MACKO)               |    3.683 |    3.677 |    3.689 |  174.94 | 940.64 |     OK |
| GPU warp/row (MACKO FP16)               |    1.942 |    1.933 |    1.955 |  331.79 | 788.53 |     OK |
+-----------------------------------------+----------+----------+----------+---------+--------+--------+

Nota: SP24 usa pruning 2:4 (preserva os 2 maiores |v| por grupo de 4).
      Sua referência é a coluna CPU sequencial (SP24), não a CSR.
      GFLOP/s e GB/s são teóricos (baseados em nnz e bytes transferidos).

=== n=32768 esparsidade=0.85 runs=101  sex 19 jun 2026 18:24:43 -03 ===

Benchmark SpMV  n=32768  esparsidade=0.85  nnz=161065318  runs=101 (1 warm-up descartado)

+-----------------------------------------+----------+----------+----------+---------+--------+--------+
| Implementação                         | Méd(ms) | Mín(ms) | Máx(ms) | GFLOP/s |   GB/s | Corret |
+-----------------------------------------+----------+----------+----------+---------+--------+--------+
| CPU sequencial (CSR)                    |  104.429 |   99.024 |  126.314 |    3.08 |  18.51 |    ref |
| CPU OpenMP (CSR)                        |   33.365 |   33.150 |   33.638 |    9.65 |  57.95 |     OK |
| CPU sequencial (SP24)                   |  308.991 |  307.337 |  365.385 |    3.47 |  14.77 |    ref |
| CPU OpenMP (SP24)                       |   82.269 |   81.812 |   84.599 |   13.05 |  55.48 |     OK |
| GPU CUDA kernel (CSR)                   |    7.212 |    7.190 |    7.234 |   44.66 | 268.08 |     OK |
| GPU CUDA cuSPARSE (CSR)                 |    2.025 |    2.024 |    2.027 |  159.06 | 954.70 |     OK |
| CPU sequencial (MACKO)                  |  108.748 |  108.424 |  110.521 |    2.96 |  15.93 |    ref |
| CPU OpenMP (MACKO)                      |   33.612 |   31.543 |   34.113 |    9.58 |  51.55 |     OK |
| GPU CUDA warp/row (MACKO)               |    1.841 |    1.838 |    1.846 |  174.94 | 941.01 |     OK |
| GPU warp/row (MACKO FP16)               |    1.099 |    1.079 |    1.129 |  293.12 | 697.08 |     OK |
+-----------------------------------------+----------+----------+----------+---------+--------+--------+

Nota: SP24 usa pruning 2:4 (preserva os 2 maiores |v| por grupo de 4).
      Sua referência é a coluna CPU sequencial (SP24), não a CSR.
      GFLOP/s e GB/s são teóricos (baseados em nnz e bytes transferidos).

=== n=32768 esparsidade=0.9 runs=101  sex 19 jun 2026 18:26:10 -03 ===

Benchmark SpMV  n=32768  esparsidade=0.90  nnz=107372301  runs=101 (1 warm-up descartado)

+-----------------------------------------+----------+----------+----------+---------+--------+--------+
| Implementação                         | Méd(ms) | Mín(ms) | Máx(ms) | GFLOP/s |   GB/s | Corret |
+-----------------------------------------+----------+----------+----------+---------+--------+--------+
| CPU sequencial (CSR)                    |   66.942 |   66.631 |   77.833 |    3.21 |  19.26 |    ref |
| CPU OpenMP (CSR)                        |   22.326 |   22.141 |   22.502 |    9.62 |  57.74 |     OK |
| CPU sequencial (SP24)                   |  309.405 |  307.203 |  364.205 |    3.47 |  14.75 |    ref |
| CPU OpenMP (SP24)                       |   82.222 |   81.694 |   82.851 |   13.06 |  55.51 |     OK |
| GPU CUDA kernel (CSR)                   |    4.759 |    4.742 |    4.779 |   45.13 | 270.89 |     OK |
| GPU CUDA cuSPARSE (CSR)                 |    1.355 |    1.354 |    1.356 |  158.50 | 951.50 |     OK |
| CPU sequencial (MACKO)                  |   77.898 |   73.050 |   96.670 |    2.76 |  14.83 |    ref |
| CPU OpenMP (MACKO)                      |   22.860 |   21.961 |   23.070 |    9.39 |  50.55 |     OK |
| GPU CUDA warp/row (MACKO)               |    1.259 |    1.255 |    1.265 |  170.63 | 918.17 |     OK |
| GPU warp/row (MACKO FP16)               |    0.911 |    0.900 |    0.921 |  235.82 | 561.19 |     OK |
+-----------------------------------------+----------+----------+----------+---------+--------+--------+

Nota: SP24 usa pruning 2:4 (preserva os 2 maiores |v| por grupo de 4).
      Sua referência é a coluna CPU sequencial (SP24), não a CSR.
      GFLOP/s e GB/s são teóricos (baseados em nnz e bytes transferidos).

